#
# There is insufficient memory for the Java Runtime Environment to continue.
# Native memory allocation (malloc) failed to allocate 1048576 bytes. Error detail: AllocateHeap
# Possible reasons:
#   The system is out of physical RAM or swap space
#   This process is running with CompressedOops enabled, and the Java Heap may be blocking the growth of the native heap
# Possible solutions:
#   Reduce memory load on the system
#   Increase physical memory or swap space
#   Check if swap backing store is full
#   Decrease Java heap size (-Xmx/-Xms)
#   Decrease number of Java threads
#   Decrease Java thread stack sizes (-Xss)
#   Set larger code cache with -XX:ReservedCodeCacheSize=
#   JVM is running with Unscaled Compressed Oops mode in which the Java heap is
#     placed in the first 4GB address space. The Java Heap base address is the
#     maximum limit for the native heap growth. Please use -XX:HeapBaseMinAddress
#     to set the Java Heap base and to place the Java Heap above 4GB virtual address.
# This output file may be truncated or incomplete.
#
#  Out of Memory Error (allocation.cpp:44), pid=18404, tid=27244
#
# JRE version:  (21.0.9+10) (build )
# Java VM: OpenJDK 64-Bit Server VM (21.0.9+10-LTS, mixed mode, sharing, tiered, compressed oops, compressed class ptrs, g1 gc, windows-amd64)
# No core dump will be written. Minidumps are not enabled by default on client versions of Windows
#

---------------  S U M M A R Y ------------

Command Line: -Dfile.encoding=UTF-8 -Dstdout.encoding=UTF-8 -Dstderr.encoding=UTF-8 --module-path=D:\CoreJavaProjects\JaavBasics\bin -XX:+ShowCodeDetailsInExceptionMessages -Djdk.module.main=JaavBasics JaavBasics/priya.Main1

Host: AMD Ryzen 5 7520U with Radeon Graphics         , 8 cores, 7G,  Windows 11 , 64 bit Build 26100 (10.0.26100.7309)
Time: Thu Dec 18 23:19:57 2025 India Standard Time elapsed time: 1.039533 seconds (0d 0h 0m 1s)

---------------  T H R E A D  ---------------

Current thread (0x00000233cf82de80):  JavaThread "Unknown thread" [_thread_in_vm, id=27244, stack(0x0000009970a00000,0x0000009970b00000) (1024K)]

Stack: [0x0000009970a00000,0x0000009970b00000]
Native frames: (J=compiled Java code, j=interpreted, Vv=VM code, C=native code)
V  [jvm.dll+0x6d6e29]
V  [jvm.dll+0x8b4b76]
V  [jvm.dll+0x8b712e]
V  [jvm.dll+0x8b7813]
V  [jvm.dll+0x283d86]
V  [jvm.dll+0xc1277]
V  [jvm.dll+0x330585]
V  [jvm.dll+0x87deaf]
V  [jvm.dll+0x3c4381]
V  [jvm.dll+0x867135]
V  [jvm.dll+0x457391]
V  [jvm.dll+0x458f81]
C  [jli.dll+0x52d0]
C  [ucrtbase.dll+0x37b0]
C  [KERNEL32.DLL+0x2e8d7]
C  [ntdll.dll+0x8c53c]


---------------  P R O C E S S  ---------------

Threads class SMR info:
_java_thread_list=0x00007ffac93891c8, length=0, elements={
}

Java Threads: ( => current thread )
Total: 0

Other Threads:

=>0x00000233cf82de80 (exited) JavaThread "Unknown thread"    [_thread_in_vm, id=27244, stack(0x0000009970a00000,0x0000009970b00000) (1024K)]
Total: 1

Threads with active compile tasks:
Total: 0

VM state: not at safepoint (not fully initialized)

VM Mutex/Monitor currently owned by a thread: None

Heap address: 0x0000000000000000, size: 0 MB, Compressed Oops mode: 32-bit

CDS archive(s) mapped at: [0x0000000000000000-0x0000000000000000-0x0000000000000000), size 0, SharedBaseAddress: 0x0000000800000000, ArchiveRelocationMode: 1.
Narrow klass base: 0x0000000000000000, Narrow klass shift: 0, Narrow klass range: 0x0

GC Precious Log:
 CardTable entry size: 512
 Card Set container configuration: InlinePtr #cards 5 size 8 Array Of Cards #cards 12 size 40 Howl #buckets 4 coarsen threshold 1843 Howl Bitmap #cards 512 size 80 coarsen threshold 460 Card regions per heap region 1 cards per card region 2048

GC Heap History (0 events):
No events

Dll operation events (1 events):
Event: 0.022 Loaded shared library C:\Users\Sanchi Muneshwar\.p2\pool\plugins\org.eclipse.justj.openjdk.hotspot.jre.full.win32.x86_64_21.0.9.v20251105-0741\jre\bin\java.dll

Deoptimization events (0 events):
No events

Classes loaded (0 events):
No events

Classes unloaded (0 events):
No events

Classes redefined (0 events):
No events

Internal exceptions (0 events):
No events

ZGC Phase Switch (0 events):
No events

VM Operations (0 events):
No events

Memory protections (0 events):
No events

Nmethod flushes (0 events):
No events

Events (0 events):
No events


Dynamic libraries:
0x00007ff7727c0000 - 0x00007ff7727ce000 	C:\Users\Sanchi Muneshwar\.p2\pool\plugins\org.eclipse.justj.openjdk.hotspot.jre.full.win32.x86_64_21.0.9.v20251105-0741\jre\bin\javaw.exe
0x00007ffb2fac0000 - 0x00007ffb2fd27000 	C:\WINDOWS\SYSTEM32\ntdll.dll
0x00007ffb2f090000 - 0x00007ffb2f159000 	C:\WINDOWS\System32\KERNEL32.DLL
0x00007ffb2ccd0000 - 0x00007ffb2d0bf000 	C:\WINDOWS\System32\KERNELBASE.dll
0x00007ffb2d5e0000 - 0x00007ffb2d72b000 	C:\WINDOWS\System32\ucrtbase.dll
0x00007ffae25b0000 - 0x00007ffae25ce000 	C:\Users\Sanchi Muneshwar\.p2\pool\plugins\org.eclipse.justj.openjdk.hotspot.jre.full.win32.x86_64_21.0.9.v20251105-0741\jre\bin\VCRUNTIME140.dll
0x00007ffb26a40000 - 0x00007ffb26a58000 	C:\Users\Sanchi Muneshwar\.p2\pool\plugins\org.eclipse.justj.openjdk.hotspot.jre.full.win32.x86_64_21.0.9.v20251105-0741\jre\bin\jli.dll
0x00007ffb2e130000 - 0x00007ffb2e2f5000 	C:\WINDOWS\System32\USER32.dll
0x00007ffb145d0000 - 0x00007ffb14863000 	C:\WINDOWS\WinSxS\amd64_microsoft.windows.common-controls_6595b64144ccf1df_6.0.26100.7309_none_3e05feeae336a044\COMCTL32.dll
0x00007ffb2d5b0000 - 0x00007ffb2d5d7000 	C:\WINDOWS\System32\win32u.dll
0x00007ffb2efe0000 - 0x00007ffb2f089000 	C:\WINDOWS\System32\msvcrt.dll
0x00007ffb2d8b0000 - 0x00007ffb2d8db000 	C:\WINDOWS\System32\GDI32.dll
0x00007ffb2d730000 - 0x00007ffb2d85c000 	C:\WINDOWS\System32\gdi32full.dll
0x00007ffb2d0d0000 - 0x00007ffb2d173000 	C:\WINDOWS\System32\msvcp_win.dll
0x00007ffb2d860000 - 0x00007ffb2d891000 	C:\WINDOWS\System32\IMM32.DLL
0x00007ffb1e210000 - 0x00007ffb1e21c000 	C:\Users\Sanchi Muneshwar\.p2\pool\plugins\org.eclipse.justj.openjdk.hotspot.jre.full.win32.x86_64_21.0.9.v20251105-0741\jre\bin\vcruntime140_1.dll
0x00007ffad8ae0000 - 0x00007ffad8b6d000 	C:\Users\Sanchi Muneshwar\.p2\pool\plugins\org.eclipse.justj.openjdk.hotspot.jre.full.win32.x86_64_21.0.9.v20251105-0741\jre\bin\msvcp140.dll
0x00007ffac8740000 - 0x00007ffac94e0000 	C:\Users\Sanchi Muneshwar\.p2\pool\plugins\org.eclipse.justj.openjdk.hotspot.jre.full.win32.x86_64_21.0.9.v20251105-0741\jre\bin\server\jvm.dll
0x00007ffb2dac0000 - 0x00007ffb2db74000 	C:\WINDOWS\System32\ADVAPI32.dll
0x00007ffb2ece0000 - 0x00007ffb2ed86000 	C:\WINDOWS\System32\sechost.dll
0x00007ffb2e300000 - 0x00007ffb2e418000 	C:\WINDOWS\System32\RPCRT4.dll
0x00007ffb2dfb0000 - 0x00007ffb2e024000 	C:\WINDOWS\System32\WS2_32.dll
0x00007ffb2ca70000 - 0x00007ffb2cace000 	C:\WINDOWS\SYSTEM32\POWRPROF.dll
0x00007ffb21ad0000 - 0x00007ffb21b05000 	C:\WINDOWS\SYSTEM32\WINMM.dll
0x00007ffb215c0000 - 0x00007ffb215cb000 	C:\WINDOWS\SYSTEM32\VERSION.dll
0x00007ffb2ca50000 - 0x00007ffb2ca64000 	C:\WINDOWS\SYSTEM32\UMPDC.dll
0x00007ffb2b9c0000 - 0x00007ffb2b9db000 	C:\WINDOWS\SYSTEM32\kernel.appcore.dll
0x00007ffb15f60000 - 0x00007ffb15f6a000 	C:\Users\Sanchi Muneshwar\.p2\pool\plugins\org.eclipse.justj.openjdk.hotspot.jre.full.win32.x86_64_21.0.9.v20251105-0741\jre\bin\jimage.dll
0x00007ffb1f530000 - 0x00007ffb1f772000 	C:\WINDOWS\SYSTEM32\DBGHELP.DLL
0x00007ffb2f160000 - 0x00007ffb2f4e5000 	C:\WINDOWS\System32\combase.dll
0x00007ffb2dec0000 - 0x00007ffb2df96000 	C:\WINDOWS\System32\OLEAUT32.dll
0x00007ffaffec0000 - 0x00007ffaffefc000 	C:\WINDOWS\SYSTEM32\dbgcore.DLL
0x00007ffb2d180000 - 0x00007ffb2d225000 	C:\WINDOWS\System32\bcryptPrimitives.dll
0x00007ffb141a0000 - 0x00007ffb141c0000 	C:\Users\Sanchi Muneshwar\.p2\pool\plugins\org.eclipse.justj.openjdk.hotspot.jre.full.win32.x86_64_21.0.9.v20251105-0741\jre\bin\java.dll

JVMTI agents: none

dbghelp: loaded successfully - version: 4.0.5 - missing functions: none
symbol engine: initialized successfully - sym options: 0x614 - pdb path: .;C:\Users\Sanchi Muneshwar\.p2\pool\plugins\org.eclipse.justj.openjdk.hotspot.jre.full.win32.x86_64_21.0.9.v20251105-0741\jre\bin;C:\WINDOWS\SYSTEM32;C:\WINDOWS\WinSxS\amd64_microsoft.windows.common-controls_6595b64144ccf1df_6.0.26100.7309_none_3e05feeae336a044;C:\Users\Sanchi Muneshwar\.p2\pool\plugins\org.eclipse.justj.openjdk.hotspot.jre.full.win32.x86_64_21.0.9.v20251105-0741\jre\bin\server

VM Arguments:
jvm_args: -Dfile.encoding=UTF-8 -Dstdout.encoding=UTF-8 -Dstderr.encoding=UTF-8 --module-path=D:\CoreJavaProjects\JaavBasics\bin -XX:+ShowCodeDetailsInExceptionMessages -Djdk.module.main=JaavBasics 
java_command: JaavBasics/priya.Main1
java_class_path (initial): <not set>
Launcher Type: SUN_STANDARD

[Global flags]
     intx CICompilerCount                          = 4                                         {product} {ergonomic}
     uint ConcGCThreads                            = 2                                         {product} {ergonomic}
     uint G1ConcRefinementThreads                  = 8                                         {product} {ergonomic}
   size_t G1HeapRegionSize                         = 1048576                                   {product} {ergonomic}
    uintx GCDrainStackTargetSize                   = 64                                        {product} {ergonomic}
   size_t InitialHeapSize                          = 121634816                                 {product} {ergonomic}
   size_t MarkStackSize                            = 4194304                                   {product} {ergonomic}
   size_t MaxHeapSize                              = 1946157056                                {product} {ergonomic}
   size_t MinHeapDeltaBytes                        = 1048576                                   {product} {ergonomic}
   size_t MinHeapSize                              = 8388608                                   {product} {ergonomic}
    uintx NonNMethodCodeHeapSize                   = 5839372                                {pd product} {ergonomic}
    uintx NonProfiledCodeHeapSize                  = 122909434                              {pd product} {ergonomic}
    uintx ProfiledCodeHeapSize                     = 122909434                              {pd product} {ergonomic}
    uintx ReservedCodeCacheSize                    = 251658240                              {pd product} {ergonomic}
     bool SegmentedCodeCache                       = true                                      {product} {ergonomic}
     bool ShowCodeDetailsInExceptionMessages       = true                                   {manageable} {command line}
   size_t SoftMaxHeapSize                          = 1946157056                             {manageable} {ergonomic}
     bool UseCompressedOops                        = true                           {product lp64_product} {ergonomic}
     bool UseG1GC                                  = true                                      {product} {ergonomic}
     bool UseLargePagesIndividualAllocation        = false                                  {pd product} {ergonomic}

Logging:
Log output configuration:
 #0: stdout all=warning uptime,level,tags foldmultilines=false
 #1: stderr all=off uptime,level,tags foldmultilines=false

Release file:
<release file has not been read>
Environment Variables:
JAVA_HOME=C:\Program Files\jdk-17.0.17
PATH=C:/Users/Sanchi Muneshwar/.p2/pool/plugins/org.eclipse.justj.openjdk.hotspot.jre.full.win32.x86_64_21.0.9.v20251105-0741/jre/bin/server;C:/Users/Sanchi Muneshwar/.p2/pool/plugins/org.eclipse.justj.openjdk.hotspot.jre.full.win32.x86_64_21.0.9.v20251105-0741/jre/bin;C:\WINDOWS\system32;C:\WINDOWS;C:\WINDOWS\System32\Wbem;C:\WINDOWS\System32\WindowsPowerShell\v1.0\;C:\WINDOWS\System32\OpenSSH\;%JAVA_HOME%\bin;C:\Users\Sanchi Muneshwar\anaconda3;C:\Users\Sanchi Muneshwar\anaconda3\Library\mingw-w64\bin;C:\Users\Sanchi Muneshwar\anaconda3\Library\usr\bin;C:\Users\Sanchi Muneshwar\anaconda3\Library\bin;C:\Users\Sanchi Muneshwar\anaconda3\Scripts;C:\Users\Sanchi Muneshwar\AppData\Local\Programs\Python\Python312\Scripts\;C:\Users\Sanchi Muneshwar\AppData\Local\Programs\Python\Python312\;C:\Users\Sanchi Muneshwar\AppData\Local\Microsoft\WindowsApps;C:\Users\Sanchi Muneshwar\AppData\Local\Programs\Microsoft VS Code\bin;C:\Users\Sanchi Muneshwar\Desktop;
USERNAME=Sanchi Muneshwar
OS=Windows_NT
PROCESSOR_IDENTIFIER=AMD64 Family 23 Model 160 Stepping 0, AuthenticAMD
TMP=C:\Users\SANCHI~1\AppData\Local\Temp
TEMP=C:\Users\SANCHI~1\AppData\Local\Temp




Periodic native trim disabled

---------------  S Y S T E M  ---------------

OS:
 Windows 11 , 64 bit Build 26100 (10.0.26100.7309)
OS uptime: 4 days 1:22 hours
Hyper-V role detected

CPU: total 8 (initial active 8) (8 cores per cpu, 2 threads per core) family 23 model 160 stepping 0 microcode 0x8a0000a, cx8, cmov, fxsr, ht, mmx, 3dnowpref, sse, sse2, sse3, ssse3, sse4a, sse4.1, sse4.2, popcnt, lzcnt, tsc, tscinvbit, avx, avx2, aes, clmul, bmi1, bmi2, adx, sha, fma, vzeroupper, clflush, clflushopt, hv, rdtscp, rdpid, f16c
Processor Information for processor 0
  Max Mhz: 2801, Current Mhz: 2483, Mhz Limit: 2801
Processor Information for processor 1
  Max Mhz: 2801, Current Mhz: 2483, Mhz Limit: 2801
Processor Information for processor 2
  Max Mhz: 2801, Current Mhz: 2483, Mhz Limit: 2801
Processor Information for processor 3
  Max Mhz: 2801, Current Mhz: 2801, Mhz Limit: 2801
Processor Information for processor 4
  Max Mhz: 2801, Current Mhz: 2483, Mhz Limit: 2801
Processor Information for processor 5
  Max Mhz: 2801, Current Mhz: 2483, Mhz Limit: 2801
Processor Information for processor 6
  Max Mhz: 2801, Current Mhz: 2483, Mhz Limit: 2801
Processor Information for processor 7
  Max Mhz: 2801, Current Mhz: 2483, Mhz Limit: 2801

Memory: 4k page, system-wide physical 7418M (1200M free)
TotalPageFile size 26570M (AvailPageFile size 5M)
current process WorkingSet (physical memory assigned to process): 11M, peak: 11M
current process commit charge ("private bytes"): 11M, peak: 12M

vm_info: OpenJDK 64-Bit Server VM (21.0.9+10-LTS) for windows-amd64 JRE (21.0.9+10-LTS), built on 2025-10-21T00:00:00Z by "admin" with unknown MS VC++:1942

END.
